<?xml version="1.0" encoding="UTF-8"?>
<testsuite name="com.synectiks.security.junit.controllers.RoleControllerTest" time="17.008" tests="5" errors="0" skipped="0" failures="2">
  <properties>
[...]
</properties>
  <testcase name="test001" classname="com.synectiks.security.junit.controllers.RoleControllerTest" time="1.182"/>
  <testcase name="test002" classname="com.synectiks.security.junit.controllers.RoleControllerTest" time="7.166"/>
  <testcase name="test003" classname="com.synectiks.security.junit.controllers.RoleControllerTest" time="8.584"/>
  <testcase name="test004" classname="com.synectiks.security.junit.controllers.RoleControllerTest" time="0.044">
    <failure message="1 expectation failed.&#10;Expected status code &lt;201&gt; but was &lt;500&gt;.&#10;" type="java.lang.AssertionError"><![CDATA[java.lang.AssertionError: 1 expectation failed.
Expected status code <201> but was <500>.

	at sun.reflect.NativeConstructorAccessorImpl.newInstance0(Native Method)
	at sun.reflect.NativeConstructorAccessorImpl.newInstance(NativeConstructorAccessorImpl.java:62)
	at sun.reflect.DelegatingConstructorAccessorImpl.newInstance(DelegatingConstructorAccessorImpl.java:45)
	at java.lang.reflect.Constructor.newInstance(Constructor.java:423)
	at org.codehaus.groovy.reflection.CachedConstructor.invoke(CachedConstructor.java:83)
	at org.codehaus.groovy.reflection.CachedConstructor.doConstructorInvoke(CachedConstructor.java:77)
	at org.codehaus.groovy.runtime.callsite.ConstructorSite$ConstructorSiteNoUnwrap.callConstructor(ConstructorSite.java:84)
	at org.codehaus.groovy.runtime.callsite.AbstractCallSite.callConstructor(AbstractCallSite.java:247)
	at io.restassured.internal.ResponseSpecificationImpl$HamcrestAssertionClosure.validate(ResponseSpecificationImpl.groovy:471)
	at io.restassured.internal.ResponseSpecificationImpl$HamcrestAssertionClosure$validate$1.call(Unknown Source)
	at io.restassured.internal.ResponseSpecificationImpl.validateResponseIfRequired(ResponseSpecificationImpl.groovy:643)
	at sun.reflect.NativeMethodAccessorImpl.invoke0(Native Method)
	at sun.reflect.NativeMethodAccessorImpl.invoke(NativeMethodAccessorImpl.java:62)
	at sun.reflect.DelegatingMethodAccessorImpl.invoke(DelegatingMethodAccessorImpl.java:43)
	at java.lang.reflect.Method.invoke(Method.java:498)
	at org.codehaus.groovy.runtime.callsite.PogoMetaMethodSite$PogoCachedMethodSiteNoUnwrapNoCoerce.invoke(PogoMetaMethodSite.java:210)
	at org.codehaus.groovy.runtime.callsite.PogoMetaMethodSite.callCurrent(PogoMetaMethodSite.java:59)
	at org.codehaus.groovy.runtime.callsite.AbstractCallSite.callCurrent(AbstractCallSite.java:166)
	at io.restassured.internal.ResponseSpecificationImpl.statusCode(ResponseSpecificationImpl.groovy:122)
	at io.restassured.specification.ResponseSpecification$statusCode$0.callCurrent(Unknown Source)
	at io.restassured.internal.ResponseSpecificationImpl.statusCode(ResponseSpecificationImpl.groovy:130)
	at io.restassured.internal.ValidatableResponseOptionsImpl.statusCode(ValidatableResponseOptionsImpl.java:117)
	at com.synectiks.security.junit.controllers.RoleControllerTest.test004(RoleControllerTest.java:127)
]]></failure>
    <system-out><![CDATA[HTTP/1.1 500 
X-Content-Type-Options: nosniff
X-XSS-Protection: 1; mode=block
Cache-Control: no-cache, no-store, max-age=0, must-revalidate
Pragma: no-cache
Expires: 0
X-Frame-Options: DENY
Content-Security-Policy: default-src 'self'; script-src 'self' 'unsafe-inline' 'unsafe-eval' https://storage.googleapis.com; style-src 'self' https://fonts.googleapis.com 'unsafe-inline'; img-src 'self' data:; font-src 'self' https://fonts.gstatic.com data:
Referrer-Policy: strict-origin-when-cross-origin
Feature-Policy: geolocation 'none'; midi 'none'; sync-xhr 'none'; microphone 'none'; camera 'none'; magnetometer 'none'; gyroscope 'none'; speaker 'none'; fullscreen 'self'; payment 'none'
Content-Type: application/problem+json
Transfer-Encoding: chunked
Date: Thu, 03 Nov 2022 05:13:17 GMT
Connection: close

{
    "type": "https://www.jhipster.tech/problem/problem-with-message",
    "title": "Internal Server Error",
    "status": 500,
    "detail": "Handler dispatch failed; nested exception is java.lang.Error: Unresolved compilation problem: \n\tThe method findById(String) of type RoleController must override or implement a supertype method\n",
    "path": "/security/roles/110",
    "message": "error.http.500"
}
]]></system-out>
    <system-err><![CDATA[30621 [main] INFO net.serenitybdd.rest.decorators.request.RequestSpecificationDecorated - No BaseStepListener, POST /roles/110 not registered.
]]></system-err>
  </testcase>
  <testcase name="test005" classname="com.synectiks.security.junit.controllers.RoleControllerTest" time="0.032">
    <failure message="1 expectation failed.&#10;Expected status code &lt;200&gt; but was &lt;500&gt;.&#10;" type="java.lang.AssertionError"><![CDATA[java.lang.AssertionError: 1 expectation failed.
Expected status code <200> but was <500>.

	at sun.reflect.NativeConstructorAccessorImpl.newInstance0(Native Method)
	at sun.reflect.NativeConstructorAccessorImpl.newInstance(NativeConstructorAccessorImpl.java:62)
	at sun.reflect.DelegatingConstructorAccessorImpl.newInstance(DelegatingConstructorAccessorImpl.java:45)
	at java.lang.reflect.Constructor.newInstance(Constructor.java:423)
	at org.codehaus.groovy.reflection.CachedConstructor.invoke(CachedConstructor.java:83)
	at org.codehaus.groovy.reflection.CachedConstructor.doConstructorInvoke(CachedConstructor.java:77)
	at org.codehaus.groovy.runtime.callsite.ConstructorSite$ConstructorSiteNoUnwrap.callConstructor(ConstructorSite.java:84)
	at org.codehaus.groovy.runtime.callsite.AbstractCallSite.callConstructor(AbstractCallSite.java:247)
	at io.restassured.internal.ResponseSpecificationImpl$HamcrestAssertionClosure.validate(ResponseSpecificationImpl.groovy:471)
	at io.restassured.internal.ResponseSpecificationImpl$HamcrestAssertionClosure$validate$1.call(Unknown Source)
	at io.restassured.internal.ResponseSpecificationImpl.validateResponseIfRequired(ResponseSpecificationImpl.groovy:643)
	at sun.reflect.NativeMethodAccessorImpl.invoke0(Native Method)
	at sun.reflect.NativeMethodAccessorImpl.invoke(NativeMethodAccessorImpl.java:62)
	at sun.reflect.DelegatingMethodAccessorImpl.invoke(DelegatingMethodAccessorImpl.java:43)
	at java.lang.reflect.Method.invoke(Method.java:498)
	at org.codehaus.groovy.runtime.callsite.PogoMetaMethodSite$PogoCachedMethodSiteNoUnwrapNoCoerce.invoke(PogoMetaMethodSite.java:210)
	at org.codehaus.groovy.runtime.callsite.PogoMetaMethodSite.callCurrent(PogoMetaMethodSite.java:59)
	at org.codehaus.groovy.runtime.callsite.AbstractCallSite.callCurrent(AbstractCallSite.java:166)
	at io.restassured.internal.ResponseSpecificationImpl.statusCode(ResponseSpecificationImpl.groovy:122)
	at io.restassured.specification.ResponseSpecification$statusCode$0.callCurrent(Unknown Source)
	at io.restassured.internal.ResponseSpecificationImpl.statusCode(ResponseSpecificationImpl.groovy:130)
	at io.restassured.internal.ValidatableResponseOptionsImpl.statusCode(ValidatableResponseOptionsImpl.java:117)
	at com.synectiks.security.junit.controllers.RoleControllerTest.test005(RoleControllerTest.java:139)
]]></failure>
    <system-out><![CDATA[HTTP/1.1 500 
X-Content-Type-Options: nosniff
X-XSS-Protection: 1; mode=block
Cache-Control: no-cache, no-store, max-age=0, must-revalidate
Pragma: no-cache
Expires: 0
X-Frame-Options: DENY
Content-Security-Policy: default-src 'self'; script-src 'self' 'unsafe-inline' 'unsafe-eval' https://storage.googleapis.com; style-src 'self' https://fonts.googleapis.com 'unsafe-inline'; img-src 'self' data:; font-src 'self' https://fonts.gstatic.com data:
Referrer-Policy: strict-origin-when-cross-origin
Feature-Policy: geolocation 'none'; midi 'none'; sync-xhr 'none'; microphone 'none'; camera 'none'; magnetometer 'none'; gyroscope 'none'; speaker 'none'; fullscreen 'self'; payment 'none'
Content-Type: application/problem+json
Transfer-Encoding: chunked
Date: Thu, 03 Nov 2022 05:13:17 GMT
Connection: close

{
    "type": "https://www.jhipster.tech/problem/problem-with-message",
    "title": "Internal Server Error",
    "status": 500,
    "detail": "Handler dispatch failed; nested exception is java.lang.Error: Unresolved compilation problem: \n\tThe method deleteById(String) of type RoleController must override or implement a supertype method\n",
    "path": "/security/roles/delete/110",
    "message": "error.http.500"
}
]]></system-out>
    <system-err><![CDATA[30652 [main] INFO net.serenitybdd.rest.decorators.request.RequestSpecificationDecorated - No BaseStepListener, POST /roles/delete/110 not registered.
]]></system-err>
  </testcase>
</testsuite>